mode: set
github.com/softlandia/xlib/xFileUtil.go:28.64,36.16 3 1
github.com/softlandia/xlib/xFileUtil.go:39.2,45.35 4 1
github.com/softlandia/xlib/xFileUtil.go:72.2,72.9 1 1
github.com/softlandia/xlib/xFileUtil.go:78.2,78.21 1 1
github.com/softlandia/xlib/xFileUtil.go:36.16,38.3 1 1
github.com/softlandia/xlib/xFileUtil.go:45.35,47.16 2 1
github.com/softlandia/xlib/xFileUtil.go:52.3,52.20 1 1
github.com/softlandia/xlib/xFileUtil.go:47.16,48.39 1 1
github.com/softlandia/xlib/xFileUtil.go:48.39,49.10 1 1
github.com/softlandia/xlib/xFileUtil.go:52.20,55.11 2 1
github.com/softlandia/xlib/xFileUtil.go:64.4,64.11 1 1
github.com/softlandia/xlib/xFileUtil.go:56.23,57.13 1 1
github.com/softlandia/xlib/xFileUtil.go:58.23,59.13 1 1
github.com/softlandia/xlib/xFileUtil.go:60.50,61.13 1 1
github.com/softlandia/xlib/xFileUtil.go:65.48,66.12 1 1
github.com/softlandia/xlib/xFileUtil.go:67.48,68.12 1 1
github.com/softlandia/xlib/xFileUtil.go:73.22,74.28 1 1
github.com/softlandia/xlib/xFileUtil.go:75.22,76.20 1 1
github.com/softlandia/xlib/xFileUtil.go:88.82,89.27 1 1
github.com/softlandia/xlib/xFileUtil.go:93.2,94.16 2 1
github.com/softlandia/xlib/xFileUtil.go:97.2,98.35 2 1
github.com/softlandia/xlib/xFileUtil.go:104.2,104.32 1 1
github.com/softlandia/xlib/xFileUtil.go:89.27,91.3 1 1
github.com/softlandia/xlib/xFileUtil.go:94.16,96.3 1 1
github.com/softlandia/xlib/xFileUtil.go:98.35,100.39 2 1
github.com/softlandia/xlib/xFileUtil.go:100.39,102.4 1 1
github.com/softlandia/xlib/xFileUtil.go:108.35,111.2 2 1
github.com/softlandia/xlib/xFileUtil.go:114.78,115.21 1 1
github.com/softlandia/xlib/xFileUtil.go:118.2,120.82 3 1
github.com/softlandia/xlib/xFileUtil.go:138.2,138.15 1 1
github.com/softlandia/xlib/xFileUtil.go:115.21,117.3 1 1
github.com/softlandia/xlib/xFileUtil.go:120.82,121.17 1 1
github.com/softlandia/xlib/xFileUtil.go:125.3,125.19 1 1
github.com/softlandia/xlib/xFileUtil.go:129.3,129.53 1 1
github.com/softlandia/xlib/xFileUtil.go:134.3,136.13 3 1
github.com/softlandia/xlib/xFileUtil.go:121.17,124.4 2 0
github.com/softlandia/xlib/xFileUtil.go:125.19,128.4 1 1
github.com/softlandia/xlib/xFileUtil.go:129.53,132.4 1 1
github.com/softlandia/xlib/xFileUtil.go:142.63,143.20 1 1
github.com/softlandia/xlib/xFileUtil.go:147.2,148.16 2 1
github.com/softlandia/xlib/xFileUtil.go:152.2,154.16 3 1
github.com/softlandia/xlib/xFileUtil.go:158.2,160.35 3 1
github.com/softlandia/xlib/xFileUtil.go:169.2,171.41 3 0
github.com/softlandia/xlib/xFileUtil.go:143.20,145.3 1 1
github.com/softlandia/xlib/xFileUtil.go:148.16,150.3 1 1
github.com/softlandia/xlib/xFileUtil.go:154.16,156.3 1 0
github.com/softlandia/xlib/xFileUtil.go:160.35,163.17 3 1
github.com/softlandia/xlib/xFileUtil.go:167.3,167.32 1 1
github.com/softlandia/xlib/xFileUtil.go:163.17,166.4 2 1
github.com/softlandia/xlib/xStrUtil.go:13.41,15.2 1 1
github.com/softlandia/xlib/xStrUtil.go:18.36,19.22 1 1
github.com/softlandia/xlib/xStrUtil.go:24.2,24.13 1 1
github.com/softlandia/xlib/xStrUtil.go:19.22,20.26 1 1
github.com/softlandia/xlib/xStrUtil.go:20.26,22.4 1 1
github.com/softlandia/xlib/xStrUtil.go:29.53,31.2 1 1
github.com/softlandia/xlib/xStrUtil.go:34.71,35.17 1 1
github.com/softlandia/xlib/xStrUtil.go:38.2,38.20 1 1
github.com/softlandia/xlib/xStrUtil.go:42.2,44.16 2 1
github.com/softlandia/xlib/xStrUtil.go:50.2,50.14 1 1
github.com/softlandia/xlib/xStrUtil.go:56.2,56.15 1 1
github.com/softlandia/xlib/xStrUtil.go:35.17,37.3 1 1
github.com/softlandia/xlib/xStrUtil.go:38.20,40.3 1 1
github.com/softlandia/xlib/xStrUtil.go:45.13,46.68 1 1
github.com/softlandia/xlib/xStrUtil.go:47.21,48.68 1 1
github.com/softlandia/xlib/xStrUtil.go:51.13,52.68 1 1
github.com/softlandia/xlib/xStrUtil.go:53.21,54.68 1 1
github.com/softlandia/xlib/xStrUtil.go:60.38,61.12 1 0
github.com/softlandia/xlib/xStrUtil.go:62.13,63.20 1 0
github.com/softlandia/xlib/xStrUtil.go:64.21,65.28 1 0
github.com/softlandia/xlib/xStrUtil.go:66.14,67.21 1 0
github.com/softlandia/xlib/xStrUtil.go:68.10,69.22 1 0
