mode: set
github.com/softlandia/xlib/xFileUtil.go:28.64,36.16 3 1
github.com/softlandia/xlib/xFileUtil.go:39.2,42.35 3 1
github.com/softlandia/xlib/xFileUtil.go:69.2,69.9 1 1
github.com/softlandia/xlib/xFileUtil.go:75.2,75.21 1 1
github.com/softlandia/xlib/xFileUtil.go:36.16,38.3 1 1
github.com/softlandia/xlib/xFileUtil.go:42.35,44.23 2 1
github.com/softlandia/xlib/xFileUtil.go:49.3,49.20 1 1
github.com/softlandia/xlib/xFileUtil.go:44.23,45.39 1 1
github.com/softlandia/xlib/xFileUtil.go:45.39,46.10 1 1
github.com/softlandia/xlib/xFileUtil.go:49.20,52.11 2 1
github.com/softlandia/xlib/xFileUtil.go:61.4,61.11 1 1
github.com/softlandia/xlib/xFileUtil.go:53.23,54.13 1 1
github.com/softlandia/xlib/xFileUtil.go:55.23,56.13 1 1
github.com/softlandia/xlib/xFileUtil.go:57.50,58.13 1 1
github.com/softlandia/xlib/xFileUtil.go:62.48,63.12 1 1
github.com/softlandia/xlib/xFileUtil.go:64.48,65.12 1 1
github.com/softlandia/xlib/xFileUtil.go:70.22,71.28 1 1
github.com/softlandia/xlib/xFileUtil.go:72.22,73.20 1 1
github.com/softlandia/xlib/xFileUtil.go:85.82,86.27 1 1
github.com/softlandia/xlib/xFileUtil.go:90.2,91.16 2 1
github.com/softlandia/xlib/xFileUtil.go:94.2,95.35 2 1
github.com/softlandia/xlib/xFileUtil.go:101.2,101.32 1 1
github.com/softlandia/xlib/xFileUtil.go:86.27,88.3 1 1
github.com/softlandia/xlib/xFileUtil.go:91.16,93.3 1 1
github.com/softlandia/xlib/xFileUtil.go:95.35,97.39 2 1
github.com/softlandia/xlib/xFileUtil.go:97.39,99.4 1 1
github.com/softlandia/xlib/xFileUtil.go:105.35,108.2 2 1
github.com/softlandia/xlib/xFileUtil.go:114.78,115.21 1 1
github.com/softlandia/xlib/xFileUtil.go:118.2,120.82 3 1
github.com/softlandia/xlib/xFileUtil.go:138.2,138.15 1 1
github.com/softlandia/xlib/xFileUtil.go:115.21,117.3 1 1
github.com/softlandia/xlib/xFileUtil.go:120.82,121.17 1 1
github.com/softlandia/xlib/xFileUtil.go:125.3,125.19 1 1
github.com/softlandia/xlib/xFileUtil.go:129.3,129.53 1 1
github.com/softlandia/xlib/xFileUtil.go:134.3,136.13 3 1
github.com/softlandia/xlib/xFileUtil.go:121.17,124.4 2 0
github.com/softlandia/xlib/xFileUtil.go:125.19,128.4 1 1
github.com/softlandia/xlib/xFileUtil.go:129.53,132.4 1 1
github.com/softlandia/xlib/xFileUtil.go:142.69,143.20 1 1
github.com/softlandia/xlib/xFileUtil.go:147.2,148.16 2 1
github.com/softlandia/xlib/xFileUtil.go:151.2,156.16 4 1
github.com/softlandia/xlib/xFileUtil.go:159.2,163.35 4 1
github.com/softlandia/xlib/xFileUtil.go:173.2,175.41 3 1
github.com/softlandia/xlib/xFileUtil.go:143.20,145.3 1 1
github.com/softlandia/xlib/xFileUtil.go:148.16,150.3 1 1
github.com/softlandia/xlib/xFileUtil.go:156.16,158.3 1 0
github.com/softlandia/xlib/xFileUtil.go:163.35,166.17 3 1
github.com/softlandia/xlib/xFileUtil.go:171.3,171.32 1 1
github.com/softlandia/xlib/xFileUtil.go:166.17,170.4 3 1
github.com/softlandia/xlib/xStrUtil.go:13.41,15.2 1 1
github.com/softlandia/xlib/xStrUtil.go:18.36,19.22 1 1
github.com/softlandia/xlib/xStrUtil.go:24.2,24.13 1 1
github.com/softlandia/xlib/xStrUtil.go:19.22,20.26 1 1
github.com/softlandia/xlib/xStrUtil.go:20.26,22.4 1 1
github.com/softlandia/xlib/xStrUtil.go:29.53,31.2 1 1
github.com/softlandia/xlib/xStrUtil.go:34.71,35.17 1 1
github.com/softlandia/xlib/xStrUtil.go:38.2,38.20 1 1
github.com/softlandia/xlib/xStrUtil.go:42.2,44.16 2 1
github.com/softlandia/xlib/xStrUtil.go:50.2,50.14 1 1
github.com/softlandia/xlib/xStrUtil.go:56.2,56.15 1 1
github.com/softlandia/xlib/xStrUtil.go:35.17,37.3 1 1
github.com/softlandia/xlib/xStrUtil.go:38.20,40.3 1 1
github.com/softlandia/xlib/xStrUtil.go:45.13,46.68 1 1
github.com/softlandia/xlib/xStrUtil.go:47.21,48.68 1 1
github.com/softlandia/xlib/xStrUtil.go:51.13,52.68 1 1
github.com/softlandia/xlib/xStrUtil.go:53.21,54.68 1 1
github.com/softlandia/xlib/xStrUtil.go:60.38,61.12 1 0
github.com/softlandia/xlib/xStrUtil.go:62.13,63.20 1 0
github.com/softlandia/xlib/xStrUtil.go:64.21,65.28 1 0
github.com/softlandia/xlib/xStrUtil.go:66.14,67.21 1 0
github.com/softlandia/xlib/xStrUtil.go:68.10,69.22 1 0
github.com/softlandia/xlib/xStrUtil.go:75.61,80.40 2 1
github.com/softlandia/xlib/xStrUtil.go:83.2,83.21 1 1
github.com/softlandia/xlib/xStrUtil.go:92.2,92.17 1 1
github.com/softlandia/xlib/xStrUtil.go:80.40,82.3 1 1
github.com/softlandia/xlib/xStrUtil.go:83.21,85.28 2 1
github.com/softlandia/xlib/xStrUtil.go:88.3,88.10 1 1
github.com/softlandia/xlib/xStrUtil.go:85.28,87.4 1 1
github.com/softlandia/xlib/xStrUtil.go:88.10,90.4 1 1
github.com/softlandia/xlib/xStrUtil.go:96.60,101.23 2 1
github.com/softlandia/xlib/xStrUtil.go:110.2,110.18 1 1
github.com/softlandia/xlib/xStrUtil.go:101.23,102.22 1 1
github.com/softlandia/xlib/xStrUtil.go:102.22,103.32 1 1
github.com/softlandia/xlib/xStrUtil.go:103.32,104.16 1 1
github.com/softlandia/xlib/xStrUtil.go:104.16,106.6 1 1
github.com/softlandia/xlib/xStrUtil.go:114.39,115.34 1 1
github.com/softlandia/xlib/xStrUtil.go:118.2,118.10 1 1
github.com/softlandia/xlib/xStrUtil.go:115.34,117.3 1 1
github.com/softlandia/xlib/xStrUtil.go:123.41,134.37 3 1
github.com/softlandia/xlib/xStrUtil.go:137.2,137.10 1 1
github.com/softlandia/xlib/xStrUtil.go:134.37,136.3 1 1
